<?xml version="1.0" encoding="UTF-8"?>
<!-- Generated by org.testng.reporters.JUnitReportReporter -->
<testsuite hostname="Shubham-Tester-JPR" failures="0" tests="1" name="shubhamqa.log4jintegration.testcases.AppTest" time="3.239" errors="0" timestamp="2023-09-02T12:14:58 IST" skipped="0">
  <testcase classname="shubhamqa.log4jintegration.testcases.AppTest" name="print_logs" time="3.239"/>
  <system-out/>
</testsuite> <!-- shubhamqa.log4jintegration.testcases.AppTest -->
