<?xml version="1.0" encoding="UTF-8"?>
<!-- Generated by org.testng.reporters.JUnitReportReporter -->
<testsuite hostname="Shubham-Tester-JPR" failures="0" tests="1" name="shubhamqa.log4jxml.testcases.AppTest" time="2.395" errors="0" timestamp="2023-09-02T12:16:38 IST" skipped="0">
  <testcase classname="shubhamqa.log4jxml.testcases.AppTest" name="print_logs" time="2.395"/>
  <system-out/>
</testsuite> <!-- shubhamqa.log4jxml.testcases.AppTest -->
